<?xml version="1.0" encoding="UTF-8"?>
<testng-results ignored="0" total="2" passed="2" failed="0" skipped="0">
  <reporter-output>
  </reporter-output>
  <suite started-at="2022-08-12T19:38:05 EDT" name="Surefire suite" finished-at="2022-08-12T19:38:05 EDT" duration-ms="52">
    <groups>
    </groups>
    <test started-at="2022-08-12T19:38:05 EDT" name="Surefire test" finished-at="2022-08-12T19:38:05 EDT" duration-ms="52">
      <class name="LearnMaven.MavenJava.SeleniumTest">
        <test-method signature="Automation()[pri:0, instance:LearnMaven.MavenJava.SeleniumTest@69b794e2]" started-at="2022-08-12T19:38:05 EDT" name="Automation" finished-at="2022-08-12T19:38:05 EDT" duration-ms="7" status="PASS">
          <reporter-output>
          </reporter-output>
        </test-method> <!-- Automation -->
        <test-method signature="Automation2()[pri:0, instance:LearnMaven.MavenJava.SeleniumTest@69b794e2]" started-at="2022-08-12T19:38:05 EDT" name="Automation2" finished-at="2022-08-12T19:38:05 EDT" duration-ms="1" status="PASS">
          <reporter-output>
          </reporter-output>
        </test-method> <!-- Automation2 -->
      </class> <!-- LearnMaven.MavenJava.SeleniumTest -->
    </test> <!-- Surefire test -->
  </suite> <!-- Surefire suite -->
</testng-results>
