<?xml version="1.0" encoding="UTF-8"?>
<testng-results ignored="0" total="1" passed="1" failed="0" skipped="0">
  <reporter-output>
  </reporter-output>
  <suite started-at="2022-08-20T00:49:15 EDT" name="Default suite" finished-at="2022-08-20T00:49:26 EDT" duration-ms="11412">
    <groups>
    </groups>
    <test started-at="2022-08-20T00:49:15 EDT" name="Default test" finished-at="2022-08-20T00:49:26 EDT" duration-ms="11412">
      <class name="LearnMaven.MavenJava.ExtentReporter">
        <test-method is-config="true" signature="config()[pri:0, instance:LearnMaven.MavenJava.ExtentReporter@f5acb9d]" started-at="2022-08-20T00:49:15 EDT" name="config" finished-at="2022-08-20T00:49:15 EDT" duration-ms="415" status="PASS">
          <reporter-output>
          </reporter-output>
        </test-method> <!-- config -->
        <test-method signature="shopping()[pri:0, instance:LearnMaven.MavenJava.ExtentReporter@f5acb9d]" started-at="2022-08-20T00:49:15 EDT" name="shopping" finished-at="2022-08-20T00:49:26 EDT" duration-ms="10948" status="PASS">
          <reporter-output>
          </reporter-output>
        </test-method> <!-- shopping -->
      </class> <!-- LearnMaven.MavenJava.ExtentReporter -->
    </test> <!-- Default test -->
  </suite> <!-- Default suite -->
</testng-results>
